2022-05-13 13:35:51,382 [Worker-4: Loading available Gradle versions] INFO  o.e.b.c.i.u.g.PublishedGradleVersions - Gradle version information cache is up-to-date. Trying to read.
2022-05-13 16:21:03,786 [Worker-1: Loading available Gradle versions] INFO  o.e.b.c.i.u.g.PublishedGradleVersions - Gradle version information cache is up-to-date. Trying to read.
2022-05-14 23:20:18,759 [Worker-2: Loading available Gradle versions] INFO  o.e.b.c.i.u.g.PublishedGradleVersions - Gradle version information cache is out-of-date. Trying to update.
2022-05-15 00:44:56,814 [Worker-22: Loading available Gradle versions] INFO  o.e.b.c.i.u.g.PublishedGradleVersions - Gradle version information cache is up-to-date. Trying to read.
2022-05-15 14:12:29,870 [Worker-7: Loading available Gradle versions] INFO  o.e.b.c.i.u.g.PublishedGradleVersions - Gradle version information cache is up-to-date. Trying to read.
2022-05-15 17:55:07,969 [Worker-1: Loading available Gradle versions] INFO  o.e.b.c.i.u.g.PublishedGradleVersions - Gradle version information cache is up-to-date. Trying to read.
2022-05-16 19:20:19,562 [Worker-1: Loading available Gradle versions] INFO  o.e.b.c.i.u.g.PublishedGradleVersions - Gradle version information cache is out-of-date. Trying to update.
2022-05-17 19:16:14,552 [Worker-2: Loading available Gradle versions] INFO  o.e.b.c.i.u.g.PublishedGradleVersions - Gradle version information cache is up-to-date. Trying to read.
2022-05-17 21:53:57,412 [Worker-1: Loading available Gradle versions] INFO  o.e.b.c.i.u.g.PublishedGradleVersions - Gradle version information cache is out-of-date. Trying to update.
2022-05-17 22:20:22,324 [Worker-3: Loading available Gradle versions] INFO  o.e.b.c.i.u.g.PublishedGradleVersions - Gradle version information cache is up-to-date. Trying to read.
2022-05-17 22:37:07,783 [Worker-3: Loading available Gradle versions] INFO  o.e.b.c.i.u.g.PublishedGradleVersions - Gradle version information cache is up-to-date. Trying to read.
2022-05-17 23:14:27,913 [Worker-2: Loading available Gradle versions] INFO  o.e.b.c.i.u.g.PublishedGradleVersions - Gradle version information cache is up-to-date. Trying to read.
2022-05-17 23:48:28,253 [Worker-2: Loading available Gradle versions] INFO  o.e.b.c.i.u.g.PublishedGradleVersions - Gradle version information cache is up-to-date. Trying to read.
2022-05-18 00:54:30,697 [Worker-1: Loading available Gradle versions] INFO  o.e.b.c.i.u.g.PublishedGradleVersions - Gradle version information cache is up-to-date. Trying to read.
2022-05-18 15:50:47,209 [Worker-2: Loading available Gradle versions] INFO  o.e.b.c.i.u.g.PublishedGradleVersions - Gradle version information cache is up-to-date. Trying to read.
2022-05-18 21:34:11,357 [Worker-0: Loading available Gradle versions] INFO  o.e.b.c.i.u.g.PublishedGradleVersions - Gradle version information cache is up-to-date. Trying to read.
2022-05-18 21:36:00,802 [Worker-3: Loading available Gradle versions] INFO  o.e.b.c.i.u.g.PublishedGradleVersions - Gradle version information cache is up-to-date. Trying to read.
2022-05-18 21:41:49,562 [Worker-6: Loading available Gradle versions] INFO  o.e.b.c.i.u.g.PublishedGradleVersions - Gradle version information cache is up-to-date. Trying to read.
2022-05-18 21:42:37,956 [Worker-17: Importing Maven projects] INFO  o.e.m.c.i.l.LifecycleMappingFactory - Using org.eclipse.m2e.jdt.JarLifecycleMapping lifecycle mapping for MavenProject: com.springboot:springboot-first-app:0.0.1-SNAPSHOT @ C:\Users\saiko\OneDrive\Desktop\Search-Engine\springboot-first-app\pom.xml.
2022-05-18 21:42:44,811 [Worker-17: Importing Maven projects] INFO  o.e.m.j.i.AbstractJavaProjectConfigurator - Adding source folder /springboot-first-app/src/main/java
2022-05-18 21:42:44,812 [Worker-17: Importing Maven projects] INFO  o.e.m.j.i.AbstractJavaProjectConfigurator - Adding resource folder /springboot-first-app/src/main/resources
2022-05-18 21:42:44,814 [Worker-17: Importing Maven projects] INFO  o.e.m.j.i.AbstractJavaProjectConfigurator - Adding resource folder /springboot-first-app/src/main/resources
2022-05-18 21:42:44,816 [Worker-17: Importing Maven projects] INFO  o.e.m.j.i.AbstractJavaProjectConfigurator - Adding source folder /springboot-first-app/src/test/java
2022-05-18 21:42:45,046 [Worker-17: Importing Maven projects] INFO  o.e.m.c.i.p.ProjectConfigurationManager - Imported and configured 1 project(s) in 14 sec
2022-05-18 21:49:53,225 [Worker-6: Loading available Gradle versions] INFO  o.e.b.c.i.u.g.PublishedGradleVersions - Gradle version information cache is up-to-date. Trying to read.
2022-05-18 21:51:28,624 [Worker-16: Launching SpringbootFirstAppApplication] INFO  o.e.m.c.i.embedder.EclipseLogger - Using 'UTF-8' encoding to copy filtered resources.
2022-05-18 21:51:28,626 [Worker-16: Launching SpringbootFirstAppApplication] INFO  o.e.m.c.i.embedder.EclipseLogger - Using 'UTF-8' encoding to copy filtered properties files.
2022-05-18 21:51:28,631 [Worker-16: Launching SpringbootFirstAppApplication] INFO  o.e.m.c.i.embedder.EclipseLogger - Copying 1 resource
2022-05-18 21:51:28,659 [Worker-16: Launching SpringbootFirstAppApplication] INFO  o.e.m.c.i.embedder.EclipseLogger - Copying 7 resources
2022-05-18 21:51:28,696 [Worker-16: Launching SpringbootFirstAppApplication] INFO  o.e.m.c.i.embedder.EclipseLogger - Using 'UTF-8' encoding to copy filtered resources.
2022-05-18 21:51:28,696 [Worker-16: Launching SpringbootFirstAppApplication] INFO  o.e.m.c.i.embedder.EclipseLogger - Using 'UTF-8' encoding to copy filtered properties files.
2022-05-18 21:51:28,696 [Worker-16: Launching SpringbootFirstAppApplication] INFO  o.e.m.c.i.embedder.EclipseLogger - skip non existing resourceDirectory C:\Users\saiko\OneDrive\Desktop\Search-Engine\springboot-first-app\src\test\resources
2022-05-18 21:51:40,101 [Worker-5: Launching SpringbootFirstAppApplication] INFO  o.e.m.c.i.embedder.EclipseLogger - Using 'UTF-8' encoding to copy filtered resources.
2022-05-18 21:51:40,102 [Worker-5: Launching SpringbootFirstAppApplication] INFO  o.e.m.c.i.embedder.EclipseLogger - Using 'UTF-8' encoding to copy filtered properties files.
2022-05-18 21:51:40,108 [Worker-5: Launching SpringbootFirstAppApplication] INFO  o.e.m.c.i.embedder.EclipseLogger - Copying 1 resource
2022-05-18 21:51:40,136 [Worker-5: Launching SpringbootFirstAppApplication] INFO  o.e.m.c.i.embedder.EclipseLogger - Copying 7 resources
2022-05-18 21:51:40,146 [Worker-5: Launching SpringbootFirstAppApplication] INFO  o.e.m.c.i.embedder.EclipseLogger - Using 'UTF-8' encoding to copy filtered resources.
2022-05-18 21:51:40,146 [Worker-5: Launching SpringbootFirstAppApplication] INFO  o.e.m.c.i.embedder.EclipseLogger - Using 'UTF-8' encoding to copy filtered properties files.
2022-05-18 21:51:40,146 [Worker-5: Launching SpringbootFirstAppApplication] INFO  o.e.m.c.i.embedder.EclipseLogger - skip non existing resourceDirectory C:\Users\saiko\OneDrive\Desktop\Search-Engine\springboot-first-app\src\test\resources
2022-05-18 21:53:57,015 [Worker-9: Launching SpringbootFirstAppApplication] INFO  o.e.m.c.i.embedder.EclipseLogger - Using 'UTF-8' encoding to copy filtered resources.
2022-05-18 21:53:57,015 [Worker-9: Launching SpringbootFirstAppApplication] INFO  o.e.m.c.i.embedder.EclipseLogger - Using 'UTF-8' encoding to copy filtered properties files.
2022-05-18 21:53:57,017 [Worker-9: Launching SpringbootFirstAppApplication] INFO  o.e.m.c.i.embedder.EclipseLogger - Copying 1 resource
2022-05-18 21:53:57,045 [Worker-9: Launching SpringbootFirstAppApplication] INFO  o.e.m.c.i.embedder.EclipseLogger - Copying 7 resources
2022-05-18 21:53:57,053 [Worker-9: Launching SpringbootFirstAppApplication] INFO  o.e.m.c.i.embedder.EclipseLogger - Using 'UTF-8' encoding to copy filtered resources.
2022-05-18 21:53:57,053 [Worker-9: Launching SpringbootFirstAppApplication] INFO  o.e.m.c.i.embedder.EclipseLogger - Using 'UTF-8' encoding to copy filtered properties files.
2022-05-18 21:53:57,053 [Worker-9: Launching SpringbootFirstAppApplication] INFO  o.e.m.c.i.embedder.EclipseLogger - skip non existing resourceDirectory C:\Users\saiko\OneDrive\Desktop\Search-Engine\springboot-first-app\src\test\resources
2022-05-18 21:55:30,268 [Worker-16: Launching SpringbootFirstAppApplication] INFO  o.e.m.c.i.embedder.EclipseLogger - Using 'UTF-8' encoding to copy filtered resources.
2022-05-18 21:55:30,268 [Worker-16: Launching SpringbootFirstAppApplication] INFO  o.e.m.c.i.embedder.EclipseLogger - Using 'UTF-8' encoding to copy filtered properties files.
2022-05-18 21:55:30,270 [Worker-16: Launching SpringbootFirstAppApplication] INFO  o.e.m.c.i.embedder.EclipseLogger - Copying 0 resource
2022-05-18 21:55:30,271 [Worker-16: Launching SpringbootFirstAppApplication] INFO  o.e.m.c.i.embedder.EclipseLogger - Copying 2 resources
2022-05-18 21:55:30,280 [Worker-16: Launching SpringbootFirstAppApplication] INFO  o.e.m.c.i.embedder.EclipseLogger - Using 'UTF-8' encoding to copy filtered resources.
2022-05-18 21:55:30,280 [Worker-16: Launching SpringbootFirstAppApplication] INFO  o.e.m.c.i.embedder.EclipseLogger - Using 'UTF-8' encoding to copy filtered properties files.
2022-05-18 21:55:30,280 [Worker-16: Launching SpringbootFirstAppApplication] INFO  o.e.m.c.i.embedder.EclipseLogger - skip non existing resourceDirectory C:\Users\saiko\OneDrive\Desktop\Search-Engine\springboot-first-app\src\test\resources
